Arguments: 
  /Users/imamori/.nvm/versions/node/v10.16.0/bin/node /usr/local/Cellar/yarn/1.16.0/libexec/bin/yarn.js review version

PATH: 
  /Users/imamori/.rbenv/shims:/usr/local/Cellar/pyenv-virtualenv/1.1.3/shims:/Users/imamori/.pyenv/shims:/Users/imamori/.pyenv/bin:/Users/imamori/.nvm/versions/node/v10.16.0/bin:/usr/local/Cellar/zplug/2.4.2/bin:/usr/local/opt/zplug/bin:/Library/Java/JavaVirtualMachines/openjdk-12.0.1.jdk/Contents/Home/bin:/usr/local/bin:/usr/local/sbin:/usr/bin:/bin:/usr/sbin:/sbin:/Users/imamori/.rbenv/shims:/usr/local/Cellar/pyenv-virtualenv/1.1.3/shims:/Users/imamori/.pyenv/shims:/Users/imamori/.pyenv/bin:/Users/imamori/.nvm/versions/node/v10.16.0/bin

Yarn version: 
  1.16.0

Node version: 
  10.16.0

Platform: 
  darwin x64

Trace: 
  SyntaxError: /Users/imamori/works/book-writing-template/package.json: Unexpected token } in JSON at position 395
      at JSON.parse (<anonymous>)
      at /usr/local/Cellar/yarn/1.16.0/libexec/lib/cli.js:1625:59
      at Generator.next (<anonymous>)
      at step (/usr/local/Cellar/yarn/1.16.0/libexec/lib/cli.js:304:30)
      at /usr/local/Cellar/yarn/1.16.0/libexec/lib/cli.js:315:13

npm manifest: 
  {
    "name": "book-writing-template",
    "version": "1.0.0",
    "description": "Template for book writing using Re:VIEW",
    "repository": "git@github.com:aidy1991/book-writing-template.git",
    "author": "Daichi Imamori <aidy.91614@gmail.com>",
    "license": "MIT",
    "scripts": {
      "pull-review": "docker pull vvakame/review:3.2",
      "review": "docker run -t --rm vvakame/review:3.2 review"
    },
  }

yarn manifest: 
  No manifest

Lockfile: 
  No lockfile
